
RAxML-NG v. 1.0.0-master released on 07.08.2020 by The Exelixis Lab.
Developed by: Alexey M. Kozlov and Alexandros Stamatakis.
Contributors: Diego Darriba, Tomas Flouri, Benoit Morel, Sarah Lutteropp, Ben Bettisworth.
Latest version: https://github.com/amkozlov/raxml-ng
Questions/problems/suggestions? Please visit: https://groups.google.com/forum/#!forum/raxml

System: Intel(R) Xeon(R) CPU E5-2670 v2 @ 2.50GHz, 20 cores, 62 GB RAM

RAxML-NG was called at 18-Jan-2022 15:33:43 as follows:

/global/home/users/cbrook/raxml-ng/raxml-ng-mpi --parse --msa orthoMLalign.fasta --model GTR+I+G4 --prefix T2

Analysis options:
  run mode: Alignment parsing and compression
  start tree(s): 
  random seed: 1642548824
  tip-inner: OFF
  pattern compression: ON
  per-rate scalers: OFF
  site repeats: ON
  branch lengths: proportional (ML estimate, algorithm: NR-FAST)
  SIMD kernels: AVX
  parallelization: coarse-grained (auto), PTHREADS (auto)

[00:00:00] Reading alignment from file: orthoMLalign.fasta
[00:00:00] Loaded alignment with 37 taxa and 34578 sites

Alignment comprises 1 partitions and 25831 patterns

Partition 0: noname
Model: GTR+FO+I+G4m
Alignment sites / patterns: 34578 / 25831
Gaps: 50.95 %
Invariant sites: 23.44 %


NOTE: Binary MSA file created: T2.raxml.rba

* Estimated memory requirements                : 228 MB

* Recommended number of threads / MPI processes: 10

Please note that numbers given above are rough estimates only. 
Actual memory consumption and parallel performance on your system may differ!

Alignment can be successfully read by RAxML-NG.


Execution log saved to: /global/home/users/cbrook/raxml-ng/ortho_tree/T2.raxml.log

Analysis started: 18-Jan-2022 15:33:43 / finished: 18-Jan-2022 15:33:44

Elapsed time: 0.661 seconds

