--------------------------------------------------------------------------
By default, for Open MPI 4.0 and later, infiniband ports on a device
are not used by default.  The intent is to use UCX for these devices.
You can override this policy by setting the btl_openib_allow_ib MCA parameter
to true.

  Local host:              n0109.savio3
  Local adapter:           mlx5_0
  Local port:              1

--------------------------------------------------------------------------
--------------------------------------------------------------------------
WARNING: There was an error initializing an OpenFabrics device.

  Local host:   n0109.savio3
  Local device: mlx5_0
--------------------------------------------------------------------------

RAxML-NG v. 1.0.0-master released on 07.08.2020 by The Exelixis Lab.
Developed by: Alexey M. Kozlov and Alexandros Stamatakis.
Contributors: Diego Darriba, Tomas Flouri, Benoit Morel, Sarah Lutteropp, Ben Bettisworth.
Latest version: https://github.com/amkozlov/raxml-ng
Questions/problems/suggestions? Please visit: https://groups.google.com/forum/#!forum/raxml

System: Intel(R) Xeon(R) Gold 6130 CPU @ 2.10GHz, 32 cores, 92 GB RAM

RAxML-NG was called at 17-Jan-2022 14:50:34 as follows:

/global/home/users/cbrook/raxml-ng/raxml-ng-mpi --all --msa orthoMLalign.fasta --model GTR+I+G4 --prefix T3 --seed 1 --threads 11 --bs-metric fbp,tbe

Analysis options:
  run mode: ML tree search + bootstrapping (Felsenstein Bootstrap + Transfer Bootstrap)
  start tree(s): random (10) + parsimony (10)
  bootstrap replicates: max: 1000 + bootstopping (autoMRE, cutoff: 0.030000)
  random seed: 1
  tip-inner: OFF
  pattern compression: ON
  per-rate scalers: OFF
  site repeats: ON
  branch lengths: proportional (ML estimate, algorithm: NR-FAST)
  SIMD kernels: AVX2
  parallelization: coarse-grained (auto), PTHREADS (11 threads), thread pinning: ON

[00:00:00] Reading alignment from file: orthoMLalign.fasta
[00:00:00] Loaded alignment with 37 taxa and 35141 sites

Alignment comprises 1 partitions and 25802 patterns

Partition 0: noname
Model: GTR+FO+I+G4m
Alignment sites / patterns: 35141 / 25802
Gaps: 51.73 %
Invariant sites: 24.10 %


NOTE: Binary MSA file created: T3.raxml.rba

Parallelization scheme autoconfig: 1 worker(s) x 11 thread(s)

Parallel reduction/worker buffer size: 1 KB  / 0 KB

[00:00:00] Generating 10 random starting tree(s) with 37 taxa
[00:00:00] Generating 10 parsimony starting tree(s) with 37 taxa
[00:00:00] Data distribution: max. partitions/sites/weight per thread: 1 / 2346 / 37536
[00:00:01] Data distribution: max. searches per worker: 1020

Starting ML tree search with 20 distinct starting trees

[00:00:31] ML tree search #1, logLikelihood: -601009.990444
[00:01:05] ML tree search #2, logLikelihood: -601009.974577
[00:01:38] ML tree search #3, logLikelihood: -601009.978241
[00:02:11] ML tree search #4, logLikelihood: -601009.941944
[00:02:42] ML tree search #5, logLikelihood: -601009.978562
[00:03:12] ML tree search #6, logLikelihood: -601009.980863
[00:03:42] ML tree search #7, logLikelihood: -601009.997393
[00:04:12] ML tree search #8, logLikelihood: -601009.955750
[00:04:41] ML tree search #9, logLikelihood: -601009.981420
[00:05:11] ML tree search #10, logLikelihood: -601009.944317
[00:05:33] ML tree search #11, logLikelihood: -601009.975189
[00:05:55] ML tree search #12, logLikelihood: -601009.978102
[00:06:18] ML tree search #13, logLikelihood: -601009.968311
[00:06:40] ML tree search #14, logLikelihood: -601009.976845
[00:07:03] ML tree search #15, logLikelihood: -601009.982105
[00:07:25] ML tree search #16, logLikelihood: -601009.967614
[00:07:48] ML tree search #17, logLikelihood: -601009.984817
[00:08:12] ML tree search #18, logLikelihood: -601009.965451
[00:08:35] ML tree search #19, logLikelihood: -601009.967481
[00:08:55] ML tree search #20, logLikelihood: -601009.976583

[00:08:55] ML tree search completed, best tree logLH: -601009.941944

[00:08:55] Starting bootstrapping analysis with 1000 replicates.

[00:09:14] Bootstrap tree #1, logLikelihood: -595322.697122
[00:09:35] Bootstrap tree #2, logLikelihood: -603094.685626
[00:09:56] Bootstrap tree #3, logLikelihood: -598188.287978
[00:10:15] Bootstrap tree #4, logLikelihood: -600825.126652
[00:10:44] Bootstrap tree #5, logLikelihood: -606114.198806
[00:11:08] Bootstrap tree #6, logLikelihood: -601855.638582
[00:11:25] Bootstrap tree #7, logLikelihood: -601528.537348
[00:11:43] Bootstrap tree #8, logLikelihood: -601440.250031
[00:12:04] Bootstrap tree #9, logLikelihood: -603344.026576
[00:12:26] Bootstrap tree #10, logLikelihood: -593260.218808
[00:12:45] Bootstrap tree #11, logLikelihood: -601108.973127
[00:13:07] Bootstrap tree #12, logLikelihood: -598873.992707
[00:13:27] Bootstrap tree #13, logLikelihood: -599464.407124
[00:13:49] Bootstrap tree #14, logLikelihood: -602115.555074
[00:14:11] Bootstrap tree #15, logLikelihood: -599389.711576
[00:14:30] Bootstrap tree #16, logLikelihood: -602130.389872
[00:14:50] Bootstrap tree #17, logLikelihood: -603330.574430
[00:15:19] Bootstrap tree #18, logLikelihood: -601130.058164
[00:15:39] Bootstrap tree #19, logLikelihood: -595531.564461
[00:15:59] Bootstrap tree #20, logLikelihood: -599650.650758
[00:16:19] Bootstrap tree #21, logLikelihood: -603371.604343
[00:16:41] Bootstrap tree #22, logLikelihood: -601149.961513
[00:17:00] Bootstrap tree #23, logLikelihood: -599379.243429
[00:17:18] Bootstrap tree #24, logLikelihood: -598270.350932
[00:17:40] Bootstrap tree #25, logLikelihood: -605974.956003
[00:18:04] Bootstrap tree #26, logLikelihood: -600878.911141
[00:18:27] Bootstrap tree #27, logLikelihood: -603238.733752
[00:18:49] Bootstrap tree #28, logLikelihood: -603070.466387
[00:19:11] Bootstrap tree #29, logLikelihood: -603682.523321
[00:19:30] Bootstrap tree #30, logLikelihood: -600330.788011
[00:19:52] Bootstrap tree #31, logLikelihood: -601470.789038
[00:20:13] Bootstrap tree #32, logLikelihood: -598993.893785
[00:20:37] Bootstrap tree #33, logLikelihood: -597844.026504
[00:20:59] Bootstrap tree #34, logLikelihood: -600073.551413
[00:21:19] Bootstrap tree #35, logLikelihood: -601600.473278
[00:21:42] Bootstrap tree #36, logLikelihood: -603744.614631
[00:22:03] Bootstrap tree #37, logLikelihood: -600381.647735
[00:22:25] Bootstrap tree #38, logLikelihood: -600617.866111
[00:22:51] Bootstrap tree #39, logLikelihood: -597397.787430
[00:23:13] Bootstrap tree #40, logLikelihood: -602205.692248
[00:23:36] Bootstrap tree #41, logLikelihood: -601006.802416
[00:24:00] Bootstrap tree #42, logLikelihood: -600375.055127
[00:24:22] Bootstrap tree #43, logLikelihood: -601226.218429
[00:24:41] Bootstrap tree #44, logLikelihood: -605249.510815
[00:25:03] Bootstrap tree #45, logLikelihood: -603273.537235
[00:25:25] Bootstrap tree #46, logLikelihood: -601855.607266
[00:25:46] Bootstrap tree #47, logLikelihood: -597557.821447
[00:26:06] Bootstrap tree #48, logLikelihood: -594997.431288
[00:26:31] Bootstrap tree #49, logLikelihood: -604757.818167
[00:26:53] Bootstrap tree #50, logLikelihood: -602833.381173
[00:27:14] Bootstrap tree #51, logLikelihood: -599488.370225
[00:27:36] Bootstrap tree #52, logLikelihood: -601352.180887
[00:27:57] Bootstrap tree #53, logLikelihood: -597321.275785
[00:28:16] Bootstrap tree #54, logLikelihood: -603483.363087
[00:28:35] Bootstrap tree #55, logLikelihood: -604423.306471
[00:29:00] Bootstrap tree #56, logLikelihood: -605302.931992
[00:29:21] Bootstrap tree #57, logLikelihood: -599317.995279
[00:29:43] Bootstrap tree #58, logLikelihood: -599621.680766
[00:30:08] Bootstrap tree #59, logLikelihood: -601695.749144
[00:30:29] Bootstrap tree #60, logLikelihood: -599671.925667
[00:30:49] Bootstrap tree #61, logLikelihood: -603907.321917
[00:31:07] Bootstrap tree #62, logLikelihood: -598147.616081
[00:31:29] Bootstrap tree #63, logLikelihood: -599079.220083
[00:31:49] Bootstrap tree #64, logLikelihood: -604550.416856
[00:32:12] Bootstrap tree #65, logLikelihood: -602145.262166
[00:32:33] Bootstrap tree #66, logLikelihood: -602380.232630
[00:32:55] Bootstrap tree #67, logLikelihood: -602961.916081
[00:33:16] Bootstrap tree #68, logLikelihood: -601899.923464
[00:33:41] Bootstrap tree #69, logLikelihood: -602504.875052
[00:34:03] Bootstrap tree #70, logLikelihood: -606525.923068
[00:34:26] Bootstrap tree #71, logLikelihood: -602252.509722
[00:34:53] Bootstrap tree #72, logLikelihood: -602222.423795
[00:35:15] Bootstrap tree #73, logLikelihood: -599401.430837
[00:35:34] Bootstrap tree #74, logLikelihood: -600962.887274
[00:35:59] Bootstrap tree #75, logLikelihood: -607452.282378
[00:36:19] Bootstrap tree #76, logLikelihood: -601289.428589
[00:36:40] Bootstrap tree #77, logLikelihood: -601334.896931
[00:37:02] Bootstrap tree #78, logLikelihood: -601852.760153
[00:37:22] Bootstrap tree #79, logLikelihood: -603993.461063
[00:37:43] Bootstrap tree #80, logLikelihood: -599701.711828
[00:38:05] Bootstrap tree #81, logLikelihood: -599685.443138
[00:38:29] Bootstrap tree #82, logLikelihood: -601254.605574
[00:38:53] Bootstrap tree #83, logLikelihood: -597786.004224
[00:39:16] Bootstrap tree #84, logLikelihood: -601081.078279
[00:39:43] Bootstrap tree #85, logLikelihood: -598279.573097
[00:40:03] Bootstrap tree #86, logLikelihood: -602968.384578
[00:40:24] Bootstrap tree #87, logLikelihood: -601702.508976
[00:40:47] Bootstrap tree #88, logLikelihood: -599001.462789
[00:41:11] Bootstrap tree #89, logLikelihood: -602203.736654
[00:41:35] Bootstrap tree #90, logLikelihood: -604229.121003
[00:41:56] Bootstrap tree #91, logLikelihood: -603707.750153
[00:42:17] Bootstrap tree #92, logLikelihood: -599220.979330
[00:42:40] Bootstrap tree #93, logLikelihood: -600232.069145
[00:42:58] Bootstrap tree #94, logLikelihood: -598133.291880
[00:43:18] Bootstrap tree #95, logLikelihood: -599289.382326
[00:43:42] Bootstrap tree #96, logLikelihood: -604799.796870
[00:44:03] Bootstrap tree #97, logLikelihood: -597583.980673
[00:44:31] Bootstrap tree #98, logLikelihood: -605487.762896
[00:44:54] Bootstrap tree #99, logLikelihood: -598520.123259
[00:45:15] Bootstrap tree #100, logLikelihood: -602695.174610
[00:45:38] Bootstrap tree #101, logLikelihood: -601455.660002
[00:46:01] Bootstrap tree #102, logLikelihood: -604279.659373
[00:46:22] Bootstrap tree #103, logLikelihood: -602916.377706
[00:46:43] Bootstrap tree #104, logLikelihood: -600516.272102
[00:47:04] Bootstrap tree #105, logLikelihood: -598066.501174
[00:47:27] Bootstrap tree #106, logLikelihood: -599945.895261
[00:47:49] Bootstrap tree #107, logLikelihood: -602667.826371
[00:48:09] Bootstrap tree #108, logLikelihood: -600746.918294
[00:48:29] Bootstrap tree #109, logLikelihood: -602914.428126
[00:48:55] Bootstrap tree #110, logLikelihood: -604584.401723
[00:49:22] Bootstrap tree #111, logLikelihood: -600314.754938
[00:49:43] Bootstrap tree #112, logLikelihood: -601695.567161
[00:50:06] Bootstrap tree #113, logLikelihood: -600830.902290
[00:50:25] Bootstrap tree #114, logLikelihood: -603193.193328
[00:50:47] Bootstrap tree #115, logLikelihood: -604458.700256
[00:51:09] Bootstrap tree #116, logLikelihood: -596513.606073
[00:51:28] Bootstrap tree #117, logLikelihood: -600317.114185
[00:51:49] Bootstrap tree #118, logLikelihood: -598792.678456
[00:52:14] Bootstrap tree #119, logLikelihood: -601773.063247
[00:52:37] Bootstrap tree #120, logLikelihood: -601391.966916
[00:52:58] Bootstrap tree #121, logLikelihood: -602830.120414
[00:53:18] Bootstrap tree #122, logLikelihood: -604696.604327
[00:53:38] Bootstrap tree #123, logLikelihood: -599648.228715
[00:53:57] Bootstrap tree #124, logLikelihood: -605822.375649
[00:54:15] Bootstrap tree #125, logLikelihood: -596645.077877
[00:54:36] Bootstrap tree #126, logLikelihood: -601701.665784
[00:54:55] Bootstrap tree #127, logLikelihood: -603820.219941
[00:55:19] Bootstrap tree #128, logLikelihood: -603600.017937
[00:55:39] Bootstrap tree #129, logLikelihood: -599701.779911
[00:55:59] Bootstrap tree #130, logLikelihood: -599348.100890
[00:56:20] Bootstrap tree #131, logLikelihood: -601225.872750
[00:56:41] Bootstrap tree #132, logLikelihood: -598822.118751
[00:57:02] Bootstrap tree #133, logLikelihood: -600844.817403
[00:57:20] Bootstrap tree #134, logLikelihood: -600172.952345
[00:57:41] Bootstrap tree #135, logLikelihood: -601712.988064
[00:58:00] Bootstrap tree #136, logLikelihood: -600898.931903
[00:58:19] Bootstrap tree #137, logLikelihood: -596849.098428
[00:58:43] Bootstrap tree #138, logLikelihood: -598892.840647
[00:59:02] Bootstrap tree #139, logLikelihood: -600307.767876
[00:59:28] Bootstrap tree #140, logLikelihood: -600008.643608
[00:59:48] Bootstrap tree #141, logLikelihood: -600804.570654
[01:00:08] Bootstrap tree #142, logLikelihood: -605010.027795
[01:00:31] Bootstrap tree #143, logLikelihood: -605729.252893
[01:00:51] Bootstrap tree #144, logLikelihood: -603424.761522
[01:01:19] Bootstrap tree #145, logLikelihood: -601229.375028
[01:01:45] Bootstrap tree #146, logLikelihood: -602602.149707
[01:02:04] Bootstrap tree #147, logLikelihood: -600936.462523
[01:02:25] Bootstrap tree #148, logLikelihood: -601686.335279
[01:02:49] Bootstrap tree #149, logLikelihood: -599875.612668
[01:03:08] Bootstrap tree #150, logLikelihood: -594235.598752
[01:03:08] Bootstrapping converged after 150 replicates.

Optimized model parameters:

   Partition 0: noname
   Rate heterogeneity: GAMMA (4 cats, mean),  alpha: 1.160541 (ML),  weights&rates: (0.250000,0.167830) (0.250000,0.520206) (0.250000,1.022230) (0.250000,2.289734) 
   P-inv (ML): 0.032315
   Base frequencies (ML): 0.338971 0.198060 0.193586 0.269382 
   Substitution rates (ML): 1.938215 4.265623 1.196624 1.487372 5.198028 1.000000 


Final LogLikelihood: -601009.941944

AIC score: 1202181.883889 / AICc score: 1202182.262793 / BIC score: 1202867.720918
Free parameters (model + branch lengths): 81

Best ML tree saved to: /global/home/users/cbrook/raxml-ng/ortho_tree/T3.raxml.bestTree
All ML trees saved to: /global/home/users/cbrook/raxml-ng/ortho_tree/T3.raxml.mlTrees
Best ML tree with Felsenstein bootstrap (FBP) support values saved to: /global/home/users/cbrook/raxml-ng/ortho_tree/T3.raxml.supportFBP
Best ML tree with Transfer bootstrap (TBE) support values saved to: /global/home/users/cbrook/raxml-ng/ortho_tree/T3.raxml.supportTBE
Optimized model saved to: /global/home/users/cbrook/raxml-ng/ortho_tree/T3.raxml.bestModel
Bootstrap trees saved to: /global/home/users/cbrook/raxml-ng/ortho_tree/T3.raxml.bootstraps

Execution log saved to: /global/home/users/cbrook/raxml-ng/ortho_tree/T3.raxml.log

Analysis started: 17-Jan-2022 14:50:34 / finished: 17-Jan-2022 15:53:42

Elapsed time: 3788.196 seconds

Consumed energy: 186.136 Wh

