
RAxML-NG v. 1.0.0-master released on 07.08.2020 by The Exelixis Lab.
Developed by: Alexey M. Kozlov and Alexandros Stamatakis.
Contributors: Diego Darriba, Tomas Flouri, Benoit Morel, Sarah Lutteropp, Ben Bettisworth.
Latest version: https://github.com/amkozlov/raxml-ng
Questions/problems/suggestions? Please visit: https://groups.google.com/forum/#!forum/raxml

System: Intel(R) Xeon(R) CPU E5-2670 v2 @ 2.50GHz, 20 cores, 62 GB RAM

RAxML-NG was called at 17-Jan-2022 14:47:07 as follows:

/global/home/users/cbrook/raxml-ng/raxml-ng-mpi --check --msa orthoMLalign.fasta --model GTR+I+G4 --prefix T1

Analysis options:
  run mode: Alignment validation
  start tree(s): 
  random seed: 1642459628
  SIMD kernels: AVX
  parallelization: coarse-grained (auto), PTHREADS (auto)

[00:00:01] Reading alignment from file: orthoMLalign.fasta
[00:00:01] Loaded alignment with 37 taxa and 35141 sites

Alignment comprises 1 partitions and 35141 sites

Partition 0: noname
Model: GTR+FO+I+G4m
Alignment sites: 35141
Gaps: 51.73 %
Invariant sites: 24.10 %


Alignment can be successfully read by RAxML-NG.


Execution log saved to: /global/home/users/cbrook/raxml-ng/ortho_tree/T1.raxml.log

Analysis started: 17-Jan-2022 14:47:07 / finished: 17-Jan-2022 14:47:09

Elapsed time: 1.325 seconds

